<?xml version="1.0" encoding="UTF-8"?>
<!-- Generated by org.testng.reporters.JUnitReportReporter -->
<testsuite hostname="vaishu" failures="0" tests="1" name="mvn.mvn.LoginTestcase2" time="52.352" errors="0" timestamp="2021-10-13T10:21:01 IST" skipped="0">
  <testcase classname="mvn.mvn.LoginTestcase2" name="Login" time="52.352"/>
  <system-out/>
</testsuite> <!-- mvn.mvn.LoginTestcase2 -->
